<?xml version="1.0" encoding="UTF-8"?>
<robot generated="20140916 15:21:39.862" generator="Robot 2.8.3 (Python 2.7.3 on darwin)">
<suite source="/Users/cocoon/Documents/projects/UiAutomator/samples/robot/mobile/tests_2_qualif.txt" id="s1" name="Tests 2 Qualif">
<test id="s1-t1" name="test1">
<kw type="setup" name="common.init pilot">
<doc></doc>
<arguments>
</arguments>
<kw type="kw" name="setup pilot">
<doc></doc>
<arguments>
<arg>${platform_name}</arg>
<arg>${platform_version}</arg>
<arg>${platform_configuration_file}</arg>
</arguments>
<msg timestamp="20140916 15:21:39.901" level="FAIL">No keyword with name 'setup pilot' found.</msg>
<status status="FAIL" endtime="20140916 15:21:39.901" starttime="20140916 15:21:39.901"></status>
</kw>
<status status="FAIL" endtime="20140916 15:21:39.901" starttime="20140916 15:21:39.900"></status>
</kw>
<kw type="teardown" name="common.shutdown pilot">
<doc></doc>
<arguments>
</arguments>
<kw type="kw" name="close session">
<doc></doc>
<arguments>
</arguments>
<msg timestamp="20140916 15:21:39.902" level="FAIL">No keyword with name 'close session' found.</msg>
<status status="FAIL" endtime="20140916 15:21:39.903" starttime="20140916 15:21:39.902"></status>
</kw>
<status status="FAIL" endtime="20140916 15:21:39.903" starttime="20140916 15:21:39.902">No keyword with name 'close session' found.</status>
</kw>
<doc></doc>
<tags>
</tags>
<status status="FAIL" endtime="20140916 15:21:39.903" critical="yes" starttime="20140916 15:21:39.900">Setup failed:
No keyword with name 'setup pilot' found.

Also teardown failed:
No keyword with name 'close session' found.</status>
</test>
<test id="s1-t2" name="test2">
<kw type="setup" name="common.init pilot">
<doc></doc>
<arguments>
</arguments>
<kw type="kw" name="setup pilot">
<doc></doc>
<arguments>
<arg>${platform_name}</arg>
<arg>${platform_version}</arg>
<arg>${platform_configuration_file}</arg>
</arguments>
<msg timestamp="20140916 15:21:39.905" level="FAIL">No keyword with name 'setup pilot' found.</msg>
<status status="FAIL" endtime="20140916 15:21:39.905" starttime="20140916 15:21:39.904"></status>
</kw>
<status status="FAIL" endtime="20140916 15:21:39.905" starttime="20140916 15:21:39.904"></status>
</kw>
<kw type="teardown" name="common.shutdown pilot">
<doc></doc>
<arguments>
</arguments>
<kw type="kw" name="close session">
<doc></doc>
<arguments>
</arguments>
<msg timestamp="20140916 15:21:39.906" level="FAIL">No keyword with name 'close session' found.</msg>
<status status="FAIL" endtime="20140916 15:21:39.906" starttime="20140916 15:21:39.906"></status>
</kw>
<status status="FAIL" endtime="20140916 15:21:39.906" starttime="20140916 15:21:39.905">No keyword with name 'close session' found.</status>
</kw>
<doc></doc>
<tags>
</tags>
<status status="FAIL" endtime="20140916 15:21:39.906" critical="yes" starttime="20140916 15:21:39.903">Setup failed:
No keyword with name 'setup pilot' found.

Also teardown failed:
No keyword with name 'close session' found.</status>
</test>
<doc>launch with pybot -vplatform_name:? -vplatform_version:?
</doc>
<metadata>
</metadata>
<status status="FAIL" endtime="20140916 15:21:39.907" starttime="20140916 15:21:39.863"></status>
</suite>
<statistics>
<total>
<stat fail="2" pass="0">Critical Tests</stat>
<stat fail="2" pass="0">All Tests</stat>
</total>
<tag>
</tag>
<suite>
<stat fail="2" pass="0" id="s1" name="Tests 2 Qualif">Tests 2 Qualif</stat>
</suite>
</statistics>
<errors>
<msg timestamp="20140916 15:21:39.897" level="ERROR">Error in file '/Users/cocoon/Documents/projects/UiAutomator/samples/robot/mobile/platform.txt': Importing test library 'droydrunner.robot_plugin.Pilot' failed: ImportError: No module named droydrunner.robot_plugin
Traceback (most recent call last):
  None
PYTHONPATH:
  /Users/cocoon/Virtualenvs/ivarealm/lib/python2.7/site-packages/robot/libraries
  /Users/cocoon/Virtualenvs/ivarealm/lib/python2.7/site-packages
  /Users/cocoon/Virtualenvs/ivarealm/bin
  /Users/cocoon/Virtualenvs/ivarealm/lib/python2.7/site-packages/distribute-0.6.34-py2.7.egg
  /Users/cocoon/Virtualenvs/ivarealm/lib/python2.7/site-packages/pip-1.3.1-py2.7.egg
  /Users/cocoon/Virtualenvs/ivarealm/lib/python2.7/site-packages/pystat-0.0.1-py2.7.egg
  /Users/cocoon/Virtualenvs/ivarealm/lib/python27.zip
  /Users/cocoon/Virtualenvs/ivarealm/lib/python2.7
  /Users/cocoon/Virtualenvs/ivarealm/lib/python2.7/plat-darwin
  /Users/cocoon/Virtualenvs/ivarealm/lib/python2.7/plat-mac
  /Users/cocoon/Virtualenvs/ivarealm/lib/python2.7/plat-mac/lib-scriptpackages
  /Users/cocoon/Virtualenvs/ivarealm/lib/python2.7/lib-tk
  /Users/cocoon/Virtualenvs/ivarealm/lib/python2.7/lib-old
  /Users/cocoon/Virtualenvs/ivarealm/lib/python2.7/lib-dynload
  /usr/local/Cellar/python/2.7.3/Frameworks/Python.framework/Versions/2.7/lib/python2.7
  /usr/local/Cellar/python/2.7.3/Frameworks/Python.framework/Versions/2.7/lib/python2.7/plat-darwin
  /usr/local/Cellar/python/2.7.3/Frameworks/Python.framework/Versions/2.7/lib/python2.7/lib-tk
  /usr/local/Cellar/python/2.7.3/Frameworks/Python.framework/Versions/2.7/lib/python2.7/plat-mac
  /usr/local/Cellar/python/2.7.3/Frameworks/Python.framework/Versions/2.7/lib/python2.7/plat-mac/lib-scriptpackages
  .
  /Users/cocoon/Documents/projects/UiAutomator/samples/robot/mobile</msg>
</errors>
</robot>
